0 info it worked if it ends with ok
1 verbose cli [ '/usr/local/bin/node', '/usr/local/bin/npm', 'adduser' ]
2 info using npm@3.10.9
3 info using node@v8.10.0
4 verbose adduser before first PUT { _id: 'org.couchdb.user:wuyunqiang',
4 verbose adduser   name: 'wuyunqiang',
4 verbose adduser   password: 'XXXXX',
4 verbose adduser   email: 'wuyunqiang.xq@qq.com',
4 verbose adduser   type: 'user',
4 verbose adduser   roles: [],
4 verbose adduser   date: '2023-05-19T13:10:33.396Z' }
5 verbose request uri https://registry.npmjs.org/-/user/org.couchdb.user:wuyunqiang
6 verbose request new user, so can't send auth
7 info attempt registry request try #1 at 21:10:33
8 verbose request id 84123635f80c9104
9 http request PUT https://registry.npmjs.org/-/user/org.couchdb.user:wuyunqiang
10 http 401 https://registry.npmjs.org/-/user/org.couchdb.user:wuyunqiang
11 verbose headers { date: 'Fri, 19 May 2023 13:10:39 GMT',
11 verbose headers   'content-type': 'application/json',
11 verbose headers   'content-length': '94',
11 verbose headers   connection: 'keep-alive',
11 verbose headers   'cf-ray': '7c9c94cbcb91ce68-SJC',
11 verbose headers   'www-authenticate': 'OTP',
11 verbose headers   'cf-cache-status': 'DYNAMIC',
11 verbose headers   'npm-notice': 'Please check your email for a one-time password (OTP)',
11 verbose headers   vary: 'Accept-Encoding',
11 verbose headers   server: 'cloudflare' }
12 warn notice Please check your email for a one-time password (OTP)
13 verbose request invalidating /Users/xq/.npm/registry.npmjs.org/-/user/org.couchdb.user_3Awuyunqiang on PUT
14 verbose adduser back [ { Error: failed to authenticate: A One Time Password (OTP) by email is required. : -/user/org.couchdb.user:wuyunqiang
14 verbose adduser     at makeError (/usr/local/lib/node_modules/npm/node_modules/npm-registry-client/lib/request.js:302:12)
14 verbose adduser     at CachingRegistryClient.<anonymous> (/usr/local/lib/node_modules/npm/node_modules/npm-registry-client/lib/request.js:290:14)
14 verbose adduser     at Request._callback (/usr/local/lib/node_modules/npm/node_modules/npm-registry-client/lib/request.js:210:14)
14 verbose adduser     at Request.self.callback (/usr/local/lib/node_modules/npm/node_modules/request/request.js:187:22)
14 verbose adduser     at emitTwo (events.js:126:13)
14 verbose adduser     at Request.emit (events.js:214:7)
14 verbose adduser     at Request.<anonymous> (/usr/local/lib/node_modules/npm/node_modules/request/request.js:1048:10)
14 verbose adduser     at emitOne (events.js:116:13)
14 verbose adduser     at Request.emit (events.js:211:7)
14 verbose adduser     at IncomingMessage.<anonymous> (/usr/local/lib/node_modules/npm/node_modules/request/request.js:969:12) statusCode: 401, code: 'E401' },
14 verbose adduser   { ok: false,
14 verbose adduser     error: 'failed to authenticate: A One Time Password (OTP) by email is required.' },
14 verbose adduser   '{"ok":false,"error":"failed to authenticate: A One Time Password (OTP) by email is required."}' ]
15 warn adduser Incorrect username or password
15 warn adduser You can reset your account by visiting:
15 warn adduser
15 warn adduser     https://npmjs.org/forgot
16 verbose stack Error: failed to authenticate: A One Time Password (OTP) by email is required. : -/user/org.couchdb.user:wuyunqiang
16 verbose stack     at makeError (/usr/local/lib/node_modules/npm/node_modules/npm-registry-client/lib/request.js:302:12)
16 verbose stack     at CachingRegistryClient.<anonymous> (/usr/local/lib/node_modules/npm/node_modules/npm-registry-client/lib/request.js:290:14)
16 verbose stack     at Request._callback (/usr/local/lib/node_modules/npm/node_modules/npm-registry-client/lib/request.js:210:14)
16 verbose stack     at Request.self.callback (/usr/local/lib/node_modules/npm/node_modules/request/request.js:187:22)
16 verbose stack     at emitTwo (events.js:126:13)
16 verbose stack     at Request.emit (events.js:214:7)
16 verbose stack     at Request.<anonymous> (/usr/local/lib/node_modules/npm/node_modules/request/request.js:1048:10)
16 verbose stack     at emitOne (events.js:116:13)
16 verbose stack     at Request.emit (events.js:211:7)
16 verbose stack     at IncomingMessage.<anonymous> (/usr/local/lib/node_modules/npm/node_modules/request/request.js:969:12)
17 verbose statusCode 401
18 verbose cwd /Users/xq/Desktop/learn/pre-fetch-api-webpack-plugin
19 error Darwin 15.6.0
20 error argv "/usr/local/bin/node" "/usr/local/bin/npm" "adduser"
21 error node v8.10.0
22 error npm  v3.10.9
23 error code E401
24 error failed to authenticate: A One Time Password (OTP) by email is required. : -/user/org.couchdb.user:wuyunqiang
25 error If you need help, you may report this error at:
25 error     <https://github.com/npm/npm/issues>
26 verbose exit [ 1, true ]
